1 6.199999999999999
1 curr_state is [['user0', 106], ['user1', 91], ['user2', 106], ['user3', 97]]
1 most_prob_action [-3, 3, 0, 0] most_prob_value 0.1308942586183548

2 6.92375
2 curr_state is [['user0', 64], ['user1', 97], ['user2', 103], ['user3', 136]]
2 most_prob_action [0, -3, 0, 3] most_prob_value 0.18933482468128204

3 6.7325
3 curr_state is [['user0', 34], ['user1', 115], ['user2', 94], ['user3', 157]]
3 most_prob_action [0, -3, 0, 3] most_prob_value 0.25425201654434204

4 6.432500000000001
4 curr_state is [['user0', 16], ['user1', 88], ['user2', 142], ['user3', 154]]
4 most_prob_action [0, -3, 0, 3] most_prob_value 0.33923688530921936

5 6.6537500000000005
5 curr_state is [['user0', 28], ['user1', 85], ['user2', 115], ['user3', 172]]
5 most_prob_action [0, -3, 0, 3] most_prob_value 0.4438048303127289

6 6.63125
6 curr_state is [['user0', 25], ['user1', 91], ['user2', 130], ['user3', 154]]
6 most_prob_action [0, -3, 0, 3] most_prob_value 0.574763298034668

7 6.856249999999999
7 curr_state is [['user0', 40], ['user1', 79], ['user2', 109], ['user3', 172]]
7 most_prob_action [0, -3, 0, 3] most_prob_value 0.5946885943412781

8 6.79875
8 curr_state is [['user0', 61], ['user1', 40], ['user2', 109], ['user3', 190]]
8 most_prob_action [-3, 3, 0, 0] most_prob_value 0.483003169298172

9 6.87375
9 curr_state is [['user0', 61], ['user1', 52], ['user2', 100], ['user3', 187]]
9 most_prob_action [-3, 3, 0, 0] most_prob_value 0.6780208349227905

10 6.425000000000001
10 curr_state is [['user0', 16], ['user1', 133], ['user2', 100], ['user3', 151]]
10 most_prob_action [-3, 3, 0, 0] most_prob_value 0.642339289188385

11 6.71
11 curr_state is [['user0', 28], ['user1', 115], ['user2', 100], ['user3', 157]]
11 most_prob_action [-3, 3, 0, 0] most_prob_value 0.5378159284591675

12 6.71
12 curr_state is [['user0', 28], ['user1', 115], ['user2', 100], ['user3', 157]]
12 most_prob_action [0, -3, 0, 3] most_prob_value 0.6239974498748779

13 6.8025
13 curr_state is [['user0', 64], ['user1', 49], ['user2', 97], ['user3', 190]]
13 most_prob_action [0, -3, 0, 3] most_prob_value 0.524352490901947

14 6.8925
14 curr_state is [['user0', 61], ['user1', 55], ['user2', 100], ['user3', 184]]
14 most_prob_action [0, -3, 0, 3] most_prob_value 0.5721525549888611

15 6.75375
15 curr_state is [['user0', 67], ['user1', 34], ['user2', 100], ['user3', 199]]
15 most_prob_action [0, -3, 0, 3] most_prob_value 0.5196598768234253

16 6.75
16 curr_state is [['user0', 70], ['user1', 34], ['user2', 100], ['user3', 196]]
16 most_prob_action [-3, 3, 0, 0] most_prob_value 0.5149307250976562

17 6.918749999999999
17 curr_state is [['user0', 55], ['user1', 58], ['user2', 100], ['user3', 187]]
17 most_prob_action [-3, 3, 0, 0] most_prob_value 0.5369959473609924

18 6.93875
18 curr_state is [['user0', 46], ['user1', 73], ['user2', 100], ['user3', 181]]
18 most_prob_action [-3, 3, 0, 0] most_prob_value 0.6316645741462708

19 6.74
19 curr_state is [['user0', 28], ['user1', 103], ['user2', 100], ['user3', 169]]
19 most_prob_action [-3, 3, 0, 0] most_prob_value 0.6822299361228943

20 6.6125
20 curr_state is [['user0', 22], ['user1', 106], ['user2', 103], ['user3', 169]]
20 most_prob_action [-3, 3, 0, 0] most_prob_value 0.8364578485488892

21 6.05875
21 curr_state is [['user0', 4], ['user1', 151], ['user2', 100], ['user3', 145]]
21 most_prob_action [-3, 3, 0, 0] most_prob_value 0.7519088387489319

22 5.87875
22 curr_state is [['user0', 1], ['user1', 160], ['user2', 100], ['user3', 139]]
22 most_prob_action [-3, 3, 0, 0] most_prob_value 0.6880902051925659

23 6.1025
23 curr_state is [['user0', 1], ['user1', 142], ['user2', 100], ['user3', 157]]
23 most_prob_action [-3, 3, 0, 0] most_prob_value 0.8055410385131836

24 5.935
24 curr_state is [['user0', 1], ['user1', 157], ['user2', 100], ['user3', 142]]
24 most_prob_action [-3, 3, 0, 0] most_prob_value 0.6457369923591614

25 6.095000000000001
25 curr_state is [['user0', 1], ['user1', 145], ['user2', 100], ['user3', 154]]
25 most_prob_action [-3, 3, 0, 0] most_prob_value 0.6324701309204102

26 6.2
26 curr_state is [['user0', 4], ['user1', 127], ['user2', 100], ['user3', 169]]
26 most_prob_action [-3, 3, 0, 0] most_prob_value 0.6509951949119568

27 6.1325
27 curr_state is [['user0', 1], ['user1', 130], ['user2', 100], ['user3', 169]]
27 most_prob_action [-3, 3, 0, 0] most_prob_value 0.44799673557281494

28 6.125
28 curr_state is [['user0', 1], ['user1', 133], ['user2', 100], ['user3', 166]]
28 most_prob_action [0, -3, 0, 3] most_prob_value 0.5505619645118713

29 6.30875
29 curr_state is [['user0', 7], ['user1', 97], ['user2', 100], ['user3', 196]]
29 most_prob_action [0, -3, 0, 3] most_prob_value 0.49152112007141113

30 6.19625
30 curr_state is [['user0', 7], ['user1', 79], ['user2', 100], ['user3', 214]]
30 most_prob_action [0, -3, 0, 3] most_prob_value 0.5814971923828125

31 6.31625
31 curr_state is [['user0', 13], ['user1', 79], ['user2', 100], ['user3', 208]]
31 most_prob_action [0, -3, 0, 3] most_prob_value 0.6793180704116821

32 6.46625
32 curr_state is [['user0', 28], ['user1', 55], ['user2', 100], ['user3', 217]]
32 most_prob_action [-3, 0, 0, 3] most_prob_value 0.48492372035980225

33 6.26375
33 curr_state is [['user0', 16], ['user1', 61], ['user2', 100], ['user3', 223]]
33 most_prob_action [0, -3, 0, 3] most_prob_value 0.5622058510780334

34 6.3462499999999995
34 curr_state is [['user0', 22], ['user1', 55], ['user2', 100], ['user3', 223]]
34 most_prob_action [-3, 0, 0, 3] most_prob_value 0.6079540848731995

35 6.305
35 curr_state is [['user0', 19], ['user1', 58], ['user2', 100], ['user3', 223]]
35 most_prob_action [-3, 0, 0, 3] most_prob_value 0.6871711015701294

36 6.0575
36 curr_state is [['user0', 1], ['user1', 76], ['user2', 100], ['user3', 223]]
36 most_prob_action [0, -3, 0, 3] most_prob_value 0.5035470724105835

37 6.095
37 curr_state is [['user0', 1], ['user1', 82], ['user2', 100], ['user3', 217]]
37 most_prob_action [-3, 0, 0, 3] most_prob_value 0.5139802098274231

38 6.07625
38 curr_state is [['user0', 1], ['user1', 79], ['user2', 100], ['user3', 220]]
38 most_prob_action [-3, 0, 0, 3] most_prob_value 0.5433689951896667

39 6.095
39 curr_state is [['user0', 1], ['user1', 82], ['user2', 100], ['user3', 217]]
39 most_prob_action [-3, 0, 0, 3] most_prob_value 0.5447795987129211

40 6.1325
40 curr_state is [['user0', 1], ['user1', 88], ['user2', 100], ['user3', 211]]
40 most_prob_action [-3, 0, 0, 3] most_prob_value 0.5272507667541504

41 6.17
41 curr_state is [['user0', 1], ['user1', 94], ['user2', 100], ['user3', 205]]
41 most_prob_action [0, -3, 0, 3] most_prob_value 0.5221097469329834

42 6.098750000000001
42 curr_state is [['user0', 4], ['user1', 73], ['user2', 100], ['user3', 223]]
42 most_prob_action [-3, 0, 0, 3] most_prob_value 0.5606502890586853

43 6.0575
43 curr_state is [['user0', 1], ['user1', 76], ['user2', 100], ['user3', 223]]
43 most_prob_action [-3, 0, 0, 3] most_prob_value 0.5252228379249573

44 6.098750000000001
44 curr_state is [['user0', 4], ['user1', 73], ['user2', 100], ['user3', 223]]
44 most_prob_action [-3, 0, 0, 3] most_prob_value 0.6083640456199646

45 6.1137500000000005
45 curr_state is [['user0', 1], ['user1', 85], ['user2', 100], ['user3', 214]]
45 most_prob_action [-3, 0, 0, 3] most_prob_value 0.572926938533783

46 6.07625
46 curr_state is [['user0', 1], ['user1', 79], ['user2', 100], ['user3', 220]]
46 most_prob_action [-3, 0, 0, 3] most_prob_value 0.6492651104927063

47 6.18875
47 curr_state is [['user0', 1], ['user1', 97], ['user2', 100], ['user3', 202]]
47 most_prob_action [-3, 0, 0, 3] most_prob_value 0.6705421805381775

48 6.1137500000000005
48 curr_state is [['user0', 1], ['user1', 85], ['user2', 100], ['user3', 214]]
48 most_prob_action [-3, 0, 0, 3] most_prob_value 0.7482523322105408

49 6.151249999999999
49 curr_state is [['user0', 1], ['user1', 91], ['user2', 100], ['user3', 208]]
49 most_prob_action [-3, 0, 0, 3] most_prob_value 0.7966772317886353

50 6.18875
50 curr_state is [['user0', 1], ['user1', 97], ['user2', 100], ['user3', 202]]
50 most_prob_action [-3, 0, 0, 3] most_prob_value 0.8261322379112244

51 6.17
51 curr_state is [['user0', 1], ['user1', 94], ['user2', 100], ['user3', 205]]
51 most_prob_action [-3, 0, 0, 3] most_prob_value 0.8654094934463501

52 6.17
52 curr_state is [['user0', 1], ['user1', 94], ['user2', 100], ['user3', 205]]
52 most_prob_action [-3, 0, 0, 3] most_prob_value 0.8969968557357788

53 6.18875
53 curr_state is [['user0', 1], ['user1', 97], ['user2', 100], ['user3', 202]]
53 most_prob_action [-3, 0, 0, 3] most_prob_value 0.9191139936447144

54 6.2075
54 curr_state is [['user0', 1], ['user1', 100], ['user2', 100], ['user3', 199]]
54 most_prob_action [-3, 0, 0, 3] most_prob_value 0.9342674612998962

55 6.2075
55 curr_state is [['user0', 1], ['user1', 100], ['user2', 100], ['user3', 199]]
55 most_prob_action [-3, 0, 0, 3] most_prob_value 0.9466652274131775

56 6.2075
56 curr_state is [['user0', 1], ['user1', 100], ['user2', 100], ['user3', 199]]
56 most_prob_action [-3, 0, 0, 3] most_prob_value 0.9555474519729614

57 6.2075
57 curr_state is [['user0', 1], ['user1', 100], ['user2', 100], ['user3', 199]]
57 most_prob_action [-3, 0, 0, 3] most_prob_value 0.9620209336280823

58 6.2075
58 curr_state is [['user0', 1], ['user1', 100], ['user2', 100], ['user3', 199]]
58 most_prob_action [-3, 0, 0, 3] most_prob_value 0.9668064117431641

59 6.2075
59 curr_state is [['user0', 1], ['user1', 100], ['user2', 100], ['user3', 199]]
59 most_prob_action [-3, 0, 0, 3] most_prob_value 0.9703816771507263

60 6.2075
60 curr_state is [['user0', 1], ['user1', 100], ['user2', 100], ['user3', 199]]
60 most_prob_action [-3, 0, 0, 3] most_prob_value 0.973069429397583

61 6.2075
61 curr_state is [['user0', 1], ['user1', 100], ['user2', 100], ['user3', 199]]
61 most_prob_action [-3, 0, 0, 3] most_prob_value 0.9750910401344299

62 6.2075
62 curr_state is [['user0', 1], ['user1', 100], ['user2', 100], ['user3', 199]]
62 most_prob_action [-3, 0, 0, 3] most_prob_value 0.9766007661819458

63 6.2075
63 curr_state is [['user0', 1], ['user1', 100], ['user2', 100], ['user3', 199]]
63 most_prob_action [-3, 0, 0, 3] most_prob_value 0.9777080416679382

64 6.2075
64 curr_state is [['user0', 1], ['user1', 100], ['user2', 100], ['user3', 199]]
64 most_prob_action [-3, 0, 0, 3] most_prob_value 0.9784914255142212

65 6.18875
65 curr_state is [['user0', 1], ['user1', 97], ['user2', 100], ['user3', 202]]
65 most_prob_action [-3, 0, 0, 3] most_prob_value 0.9808889031410217

66 6.2075
66 curr_state is [['user0', 1], ['user1', 100], ['user2', 100], ['user3', 199]]
66 most_prob_action [-3, 0, 0, 3] most_prob_value 0.9813243746757507

67 6.2075
67 curr_state is [['user0', 1], ['user1', 100], ['user2', 100], ['user3', 199]]
67 most_prob_action [-3, 0, 0, 3] most_prob_value 0.9822366237640381

68 6.2075
68 curr_state is [['user0', 1], ['user1', 100], ['user2', 100], ['user3', 199]]
68 most_prob_action [-3, 0, 0, 3] most_prob_value 0.9829084873199463

69 6.2075
69 curr_state is [['user0', 1], ['user1', 100], ['user2', 100], ['user3', 199]]
69 most_prob_action [-3, 0, 0, 3] most_prob_value 0.9833879470825195

70 6.2075
70 curr_state is [['user0', 1], ['user1', 100], ['user2', 100], ['user3', 199]]
70 most_prob_action [-3, 0, 0, 3] most_prob_value 0.9837109446525574

71 6.2075
71 curr_state is [['user0', 1], ['user1', 100], ['user2', 100], ['user3', 199]]
71 most_prob_action [-3, 0, 0, 3] most_prob_value 0.9839051365852356

72 6.2075
72 curr_state is [['user0', 1], ['user1', 100], ['user2', 100], ['user3', 199]]
72 most_prob_action [-3, 0, 0, 3] most_prob_value 0.9839920401573181

73 6.2075
73 curr_state is [['user0', 1], ['user1', 100], ['user2', 100], ['user3', 199]]
73 most_prob_action [-3, 0, 0, 3] most_prob_value 0.9839889407157898

74 6.2075
74 curr_state is [['user0', 1], ['user1', 100], ['user2', 100], ['user3', 199]]
74 most_prob_action [-3, 0, 0, 3] most_prob_value 0.9839102029800415

75 6.2075
75 curr_state is [['user0', 1], ['user1', 100], ['user2', 100], ['user3', 199]]
75 most_prob_action [-3, 0, 0, 3] most_prob_value 0.9837682843208313

76 6.2075
76 curr_state is [['user0', 1], ['user1', 100], ['user2', 100], ['user3', 199]]
76 most_prob_action [-3, 0, 0, 3] most_prob_value 0.9835740327835083

77 6.2075
77 curr_state is [['user0', 1], ['user1', 100], ['user2', 100], ['user3', 199]]
77 most_prob_action [-3, 0, 0, 3] most_prob_value 0.9833373427391052

78 6.2075
78 curr_state is [['user0', 1], ['user1', 100], ['user2', 100], ['user3', 199]]
78 most_prob_action [-3, 0, 0, 3] most_prob_value 0.9830673336982727

79 6.2075
79 curr_state is [['user0', 1], ['user1', 100], ['user2', 100], ['user3', 199]]
79 most_prob_action [-3, 0, 0, 3] most_prob_value 0.9827728271484375

80 6.2075
80 curr_state is [['user0', 1], ['user1', 100], ['user2', 100], ['user3', 199]]
80 most_prob_action [-3, 0, 0, 3] most_prob_value 0.9824620485305786

81 6.2075
81 curr_state is [['user0', 1], ['user1', 100], ['user2', 100], ['user3', 199]]
81 most_prob_action [-3, 0, 0, 3] most_prob_value 0.9821431040763855

82 6.2075
82 curr_state is [['user0', 1], ['user1', 100], ['user2', 100], ['user3', 199]]
82 most_prob_action [-3, 0, 0, 3] most_prob_value 0.9818234443664551

83 6.2075
83 curr_state is [['user0', 1], ['user1', 100], ['user2', 100], ['user3', 199]]
83 most_prob_action [-3, 0, 0, 3] most_prob_value 0.9815100431442261

84 6.2075
84 curr_state is [['user0', 1], ['user1', 100], ['user2', 100], ['user3', 199]]
84 most_prob_action [-3, 0, 0, 3] most_prob_value 0.9812094569206238

85 6.2075
85 curr_state is [['user0', 1], ['user1', 100], ['user2', 100], ['user3', 199]]
85 most_prob_action [-3, 0, 0, 3] most_prob_value 0.980927586555481

86 6.18875
86 curr_state is [['user0', 1], ['user1', 97], ['user2', 100], ['user3', 202]]
86 most_prob_action [-3, 0, 0, 3] most_prob_value 0.9824742674827576

87 6.2075
87 curr_state is [['user0', 1], ['user1', 100], ['user2', 100], ['user3', 199]]
87 most_prob_action [-3, 0, 0, 3] most_prob_value 0.9824311137199402

88 6.18875
88 curr_state is [['user0', 1], ['user1', 97], ['user2', 100], ['user3', 202]]
88 most_prob_action [-3, 0, 0, 3] most_prob_value 0.9833794236183167

89 6.2075
89 curr_state is [['user0', 1], ['user1', 100], ['user2', 100], ['user3', 199]]
89 most_prob_action [-3, 0, 0, 3] most_prob_value 0.9828804135322571

90 6.2075
90 curr_state is [['user0', 1], ['user1', 100], ['user2', 100], ['user3', 199]]
90 most_prob_action [-3, 0, 0, 3] most_prob_value 0.9830878376960754

91 6.2075
91 curr_state is [['user0', 1], ['user1', 100], ['user2', 100], ['user3', 199]]
91 most_prob_action [-3, 0, 0, 3] most_prob_value 0.9832877516746521

92 6.18875
92 curr_state is [['user0', 1], ['user1', 97], ['user2', 100], ['user3', 202]]
92 most_prob_action [-3, 0, 0, 3] most_prob_value 0.9850680232048035

93 6.2075
93 curr_state is [['user0', 1], ['user1', 100], ['user2', 100], ['user3', 199]]
93 most_prob_action [-3, 0, 0, 3] most_prob_value 0.9853643774986267

94 6.2075
94 curr_state is [['user0', 1], ['user1', 100], ['user2', 100], ['user3', 199]]
94 most_prob_action [-3, 0, 0, 3] most_prob_value 0.9861940741539001

95 6.2075
95 curr_state is [['user0', 1], ['user1', 100], ['user2', 100], ['user3', 199]]
95 most_prob_action [-3, 0, 0, 3] most_prob_value 0.9869146943092346

96 6.18875
96 curr_state is [['user0', 1], ['user1', 97], ['user2', 100], ['user3', 202]]
96 most_prob_action [-3, 0, 0, 3] most_prob_value 0.9877762794494629

97 6.2075
97 curr_state is [['user0', 1], ['user1', 100], ['user2', 100], ['user3', 199]]
97 most_prob_action [-3, 0, 0, 3] most_prob_value 0.9874803423881531

98 6.2075
98 curr_state is [['user0', 1], ['user1', 100], ['user2', 100], ['user3', 199]]
98 most_prob_action [-3, 0, 0, 3] most_prob_value 0.9877274036407471

99 6.2075
99 curr_state is [['user0', 1], ['user1', 100], ['user2', 100], ['user3', 199]]
99 most_prob_action [-3, 0, 0, 3] most_prob_value 0.9879536628723145

100 6.2075
100 curr_state is [['user0', 1], ['user1', 100], ['user2', 100], ['user3', 199]]
100 most_prob_action [-3, 0, 0, 3] most_prob_value 0.9881613254547119

101 6.2075
101 curr_state is [['user0', 1], ['user1', 100], ['user2', 100], ['user3', 199]]
101 most_prob_action [-3, 0, 0, 3] most_prob_value 0.9883521199226379

102 6.2075
102 curr_state is [['user0', 1], ['user1', 100], ['user2', 100], ['user3', 199]]
102 most_prob_action [-3, 0, 0, 3] most_prob_value 0.9885278940200806

103 6.2075
103 curr_state is [['user0', 1], ['user1', 100], ['user2', 100], ['user3', 199]]
103 most_prob_action [-3, 0, 0, 3] most_prob_value 0.9886900782585144

104 6.18875
104 curr_state is [['user0', 1], ['user1', 97], ['user2', 100], ['user3', 202]]
104 most_prob_action [-3, 0, 0, 3] most_prob_value 0.9900141954421997

105 6.2075
105 curr_state is [['user0', 1], ['user1', 100], ['user2', 100], ['user3', 199]]
105 most_prob_action [-3, 0, 0, 3] most_prob_value 0.9902313351631165

106 6.18875
106 curr_state is [['user0', 1], ['user1', 97], ['user2', 100], ['user3', 202]]
106 most_prob_action [-3, 0, 0, 3] most_prob_value 0.9918133020401001

107 6.2075
107 curr_state is [['user0', 1], ['user1', 100], ['user2', 100], ['user3', 199]]
107 most_prob_action [-3, 0, 0, 3] most_prob_value 0.9923382997512817

108 6.2075
108 curr_state is [['user0', 1], ['user1', 100], ['user2', 100], ['user3', 199]]
108 most_prob_action [-3, 0, 0, 3] most_prob_value 0.9931017160415649

109 6.2075
109 curr_state is [['user0', 1], ['user1', 100], ['user2', 100], ['user3', 199]]
109 most_prob_action [-3, 0, 0, 3] most_prob_value 0.9937282800674438

110 6.2075
110 curr_state is [['user0', 1], ['user1', 100], ['user2', 100], ['user3', 199]]
110 most_prob_action [-3, 0, 0, 3] most_prob_value 0.9942470788955688

111 6.2075
111 curr_state is [['user0', 1], ['user1', 100], ['user2', 100], ['user3', 199]]
111 most_prob_action [-3, 0, 0, 3] most_prob_value 0.9946805834770203

112 6.2075
112 curr_state is [['user0', 1], ['user1', 100], ['user2', 100], ['user3', 199]]
112 most_prob_action [-3, 0, 0, 3] most_prob_value 0.9950453042984009

113 6.2075
113 curr_state is [['user0', 1], ['user1', 100], ['user2', 100], ['user3', 199]]
113 most_prob_action [-3, 0, 0, 3] most_prob_value 0.9953545331954956

114 6.2075
114 curr_state is [['user0', 1], ['user1', 100], ['user2', 100], ['user3', 199]]
114 most_prob_action [-3, 0, 0, 3] most_prob_value 0.9956182241439819

115 6.2075
115 curr_state is [['user0', 1], ['user1', 100], ['user2', 100], ['user3', 199]]
115 most_prob_action [-3, 0, 0, 3] most_prob_value 0.9958444237709045

116 6.2075
116 curr_state is [['user0', 1], ['user1', 100], ['user2', 100], ['user3', 199]]
116 most_prob_action [-3, 0, 0, 3] most_prob_value 0.9960393905639648

117 6.2075
117 curr_state is [['user0', 1], ['user1', 100], ['user2', 100], ['user3', 199]]
117 most_prob_action [-3, 0, 0, 3] most_prob_value 0.9962085485458374

118 6.2075
118 curr_state is [['user0', 1], ['user1', 100], ['user2', 100], ['user3', 199]]
118 most_prob_action [-3, 0, 0, 3] most_prob_value 0.9963557720184326

119 6.2075
119 curr_state is [['user0', 1], ['user1', 100], ['user2', 100], ['user3', 199]]
119 most_prob_action [-3, 0, 0, 3] most_prob_value 0.9964843988418579

120 6.2075
120 curr_state is [['user0', 1], ['user1', 100], ['user2', 100], ['user3', 199]]
120 most_prob_action [-3, 0, 0, 3] most_prob_value 0.9965972304344177

121 6.2075
121 curr_state is [['user0', 1], ['user1', 100], ['user2', 100], ['user3', 199]]
121 most_prob_action [-3, 0, 0, 3] most_prob_value 0.9966965913772583

122 6.2075
122 curr_state is [['user0', 1], ['user1', 100], ['user2', 100], ['user3', 199]]
122 most_prob_action [-3, 0, 0, 3] most_prob_value 0.9967844486236572

123 6.2075
123 curr_state is [['user0', 1], ['user1', 100], ['user2', 100], ['user3', 199]]
123 most_prob_action [-3, 0, 0, 3] most_prob_value 0.9968621730804443

124 6.2075
124 curr_state is [['user0', 1], ['user1', 100], ['user2', 100], ['user3', 199]]
124 most_prob_action [-3, 0, 0, 3] most_prob_value 0.9969310760498047

125 6.2075
125 curr_state is [['user0', 1], ['user1', 100], ['user2', 100], ['user3', 199]]
125 most_prob_action [-3, 0, 0, 3] most_prob_value 0.9969924688339233

126 6.2075
126 curr_state is [['user0', 1], ['user1', 100], ['user2', 100], ['user3', 199]]
126 most_prob_action [-3, 0, 0, 3] most_prob_value 0.9970471262931824

127 6.2075
127 curr_state is [['user0', 1], ['user1', 100], ['user2', 100], ['user3', 199]]
127 most_prob_action [-3, 0, 0, 3] most_prob_value 0.9970959424972534

128 6.2075
128 curr_state is [['user0', 1], ['user1', 100], ['user2', 100], ['user3', 199]]
128 most_prob_action [-3, 0, 0, 3] most_prob_value 0.9971396923065186

129 6.2075
129 curr_state is [['user0', 1], ['user1', 100], ['user2', 100], ['user3', 199]]
129 most_prob_action [-3, 0, 0, 3] most_prob_value 0.9971787929534912

130 6.2075
130 curr_state is [['user0', 1], ['user1', 100], ['user2', 100], ['user3', 199]]
130 most_prob_action [-3, 0, 0, 3] most_prob_value 0.9972139000892639

131 6.2075
131 curr_state is [['user0', 1], ['user1', 100], ['user2', 100], ['user3', 199]]
131 most_prob_action [-3, 0, 0, 3] most_prob_value 0.9972455501556396

132 6.2075
132 curr_state is [['user0', 1], ['user1', 100], ['user2', 100], ['user3', 199]]
132 most_prob_action [-3, 0, 0, 3] most_prob_value 0.997273862361908

133 6.2075
133 curr_state is [['user0', 1], ['user1', 100], ['user2', 100], ['user3', 199]]
133 most_prob_action [-3, 0, 0, 3] most_prob_value 0.9972993731498718

134 6.2075
134 curr_state is [['user0', 1], ['user1', 100], ['user2', 100], ['user3', 199]]
134 most_prob_action [-3, 0, 0, 3] most_prob_value 0.9973223805427551

135 6.2075
135 curr_state is [['user0', 1], ['user1', 100], ['user2', 100], ['user3', 199]]
135 most_prob_action [-3, 0, 0, 3] most_prob_value 0.9973430037498474

136 6.2075
136 curr_state is [['user0', 1], ['user1', 100], ['user2', 100], ['user3', 199]]
136 most_prob_action [-3, 0, 0, 3] most_prob_value 0.9973616003990173

137 6.2075
137 curr_state is [['user0', 1], ['user1', 100], ['user2', 100], ['user3', 199]]
137 most_prob_action [-3, 0, 0, 3] most_prob_value 0.9973784685134888

138 6.2075
138 curr_state is [['user0', 1], ['user1', 100], ['user2', 100], ['user3', 199]]
138 most_prob_action [-3, 0, 0, 3] most_prob_value 0.9973936080932617

139 6.2075
139 curr_state is [['user0', 1], ['user1', 100], ['user2', 100], ['user3', 199]]
139 most_prob_action [-3, 0, 0, 3] most_prob_value 0.9974073767662048

140 6.2075
140 curr_state is [['user0', 1], ['user1', 100], ['user2', 100], ['user3', 199]]
140 most_prob_action [-3, 0, 0, 3] most_prob_value 0.9974198341369629

141 6.2075
141 curr_state is [['user0', 1], ['user1', 100], ['user2', 100], ['user3', 199]]
141 most_prob_action [-3, 0, 0, 3] most_prob_value 0.9974309802055359

142 6.2075
142 curr_state is [['user0', 1], ['user1', 100], ['user2', 100], ['user3', 199]]
142 most_prob_action [-3, 0, 0, 3] most_prob_value 0.997441291809082

143 6.2075
143 curr_state is [['user0', 1], ['user1', 100], ['user2', 100], ['user3', 199]]
143 most_prob_action [-3, 0, 0, 3] most_prob_value 0.9974505305290222

144 6.2075
144 curr_state is [['user0', 1], ['user1', 100], ['user2', 100], ['user3', 199]]
144 most_prob_action [-3, 0, 0, 3] most_prob_value 0.9974588751792908

145 6.2075
145 curr_state is [['user0', 1], ['user1', 100], ['user2', 100], ['user3', 199]]
145 most_prob_action [-3, 0, 0, 3] most_prob_value 0.9974664449691772

146 6.2075
146 curr_state is [['user0', 1], ['user1', 100], ['user2', 100], ['user3', 199]]
146 most_prob_action [-3, 0, 0, 3] most_prob_value 0.9974732995033264

147 6.2075
147 curr_state is [['user0', 1], ['user1', 100], ['user2', 100], ['user3', 199]]
147 most_prob_action [-3, 0, 0, 3] most_prob_value 0.9974794983863831

148 6.2075
148 curr_state is [['user0', 1], ['user1', 100], ['user2', 100], ['user3', 199]]
148 most_prob_action [-3, 0, 0, 3] most_prob_value 0.9974851608276367

149 6.2075
149 curr_state is [['user0', 1], ['user1', 100], ['user2', 100], ['user3', 199]]
149 most_prob_action [-3, 0, 0, 3] most_prob_value 0.997490406036377

150 6.2075
150 curr_state is [['user0', 1], ['user1', 100], ['user2', 100], ['user3', 199]]
150 most_prob_action [-3, 0, 0, 3] most_prob_value 0.9974950551986694

151 6.2075
151 curr_state is [['user0', 1], ['user1', 100], ['user2', 100], ['user3', 199]]
151 most_prob_action [-3, 0, 0, 3] most_prob_value 0.9974992871284485

152 6.2075
152 curr_state is [['user0', 1], ['user1', 100], ['user2', 100], ['user3', 199]]
152 most_prob_action [-3, 0, 0, 3] most_prob_value 0.9975032210350037

153 6.2075
153 curr_state is [['user0', 1], ['user1', 100], ['user2', 100], ['user3', 199]]
153 most_prob_action [-3, 0, 0, 3] most_prob_value 0.9975067973136902

154 6.2075
154 curr_state is [['user0', 1], ['user1', 100], ['user2', 100], ['user3', 199]]
154 most_prob_action [-3, 0, 0, 3] most_prob_value 0.9975099563598633

155 6.2075
155 curr_state is [['user0', 1], ['user1', 100], ['user2', 100], ['user3', 199]]
155 most_prob_action [-3, 0, 0, 3] most_prob_value 0.9975128173828125

156 6.2075
156 curr_state is [['user0', 1], ['user1', 100], ['user2', 100], ['user3', 199]]
156 most_prob_action [-3, 0, 0, 3] most_prob_value 0.9975154399871826

157 6.2075
157 curr_state is [['user0', 1], ['user1', 100], ['user2', 100], ['user3', 199]]
157 most_prob_action [-3, 0, 0, 3] most_prob_value 0.9975179433822632

158 6.2075
158 curr_state is [['user0', 1], ['user1', 100], ['user2', 100], ['user3', 199]]
158 most_prob_action [-3, 0, 0, 3] most_prob_value 0.9975200295448303

159 6.2075
159 curr_state is [['user0', 1], ['user1', 100], ['user2', 100], ['user3', 199]]
159 most_prob_action [-3, 0, 0, 3] most_prob_value 0.9975219368934631

160 6.18875
160 curr_state is [['user0', 1], ['user1', 97], ['user2', 100], ['user3', 202]]
160 most_prob_action [-3, 0, 0, 3] most_prob_value 0.9976152181625366

161 6.2075
161 curr_state is [['user0', 1], ['user1', 100], ['user2', 100], ['user3', 199]]
161 most_prob_action [-3, 0, 0, 3] most_prob_value 0.9974185228347778

162 6.2075
162 curr_state is [['user0', 1], ['user1', 100], ['user2', 100], ['user3', 199]]
162 most_prob_action [-3, 0, 0, 3] most_prob_value 0.9973729848861694

163 6.2075
163 curr_state is [['user0', 1], ['user1', 100], ['user2', 100], ['user3', 199]]
163 most_prob_action [-3, 0, 0, 3] most_prob_value 0.9973312616348267

164 6.2075
164 curr_state is [['user0', 1], ['user1', 100], ['user2', 100], ['user3', 199]]
164 most_prob_action [-3, 0, 0, 3] most_prob_value 0.9972929358482361

165 6.2075
165 curr_state is [['user0', 1], ['user1', 100], ['user2', 100], ['user3', 199]]
165 most_prob_action [-3, 0, 0, 3] most_prob_value 0.9972578883171082

166 6.2075
166 curr_state is [['user0', 1], ['user1', 100], ['user2', 100], ['user3', 199]]
166 most_prob_action [-3, 0, 0, 3] most_prob_value 0.997225821018219

167 6.2075
167 curr_state is [['user0', 1], ['user1', 100], ['user2', 100], ['user3', 199]]
167 most_prob_action [-3, 0, 0, 3] most_prob_value 0.9971965551376343

168 6.2075
168 curr_state is [['user0', 1], ['user1', 100], ['user2', 100], ['user3', 199]]
168 most_prob_action [-3, 0, 0, 3] most_prob_value 0.9971699118614197

169 6.2075
169 curr_state is [['user0', 1], ['user1', 100], ['user2', 100], ['user3', 199]]
169 most_prob_action [-3, 0, 0, 3] most_prob_value 0.9971454739570618

170 6.2075
170 curr_state is [['user0', 1], ['user1', 100], ['user2', 100], ['user3', 199]]
170 most_prob_action [-3, 0, 0, 3] most_prob_value 0.9971233010292053

171 6.2075
171 curr_state is [['user0', 1], ['user1', 100], ['user2', 100], ['user3', 199]]
171 most_prob_action [-3, 0, 0, 3] most_prob_value 0.9971031546592712

172 6.2075
172 curr_state is [['user0', 1], ['user1', 100], ['user2', 100], ['user3', 199]]
172 most_prob_action [-3, 0, 0, 3] most_prob_value 0.9970846772193909

173 6.2075
173 curr_state is [['user0', 1], ['user1', 100], ['user2', 100], ['user3', 199]]
173 most_prob_action [-3, 0, 0, 3] most_prob_value 0.9970678687095642

174 6.18875
174 curr_state is [['user0', 1], ['user1', 97], ['user2', 100], ['user3', 202]]
174 most_prob_action [-3, 0, 0, 3] most_prob_value 0.9974442720413208

175 6.2075
175 curr_state is [['user0', 1], ['user1', 100], ['user2', 100], ['user3', 199]]
175 most_prob_action [-3, 0, 0, 3] most_prob_value 0.9974654912948608

176 6.2075
176 curr_state is [['user0', 1], ['user1', 100], ['user2', 100], ['user3', 199]]
176 most_prob_action [-3, 0, 0, 3] most_prob_value 0.9976188540458679

177 6.2075
177 curr_state is [['user0', 1], ['user1', 100], ['user2', 100], ['user3', 199]]
177 most_prob_action [-3, 0, 0, 3] most_prob_value 0.9977491497993469

178 6.2075
178 curr_state is [['user0', 1], ['user1', 100], ['user2', 100], ['user3', 199]]
178 most_prob_action [-3, 0, 0, 3] most_prob_value 0.9978603720664978

179 6.2075
179 curr_state is [['user0', 1], ['user1', 100], ['user2', 100], ['user3', 199]]
179 most_prob_action [-3, 0, 0, 3] most_prob_value 0.9979559183120728

180 6.2075
180 curr_state is [['user0', 1], ['user1', 100], ['user2', 100], ['user3', 199]]
180 most_prob_action [-3, 0, 0, 3] most_prob_value 0.9980383515357971

181 6.2075
181 curr_state is [['user0', 1], ['user1', 100], ['user2', 100], ['user3', 199]]
181 most_prob_action [-3, 0, 0, 3] most_prob_value 0.9981096982955933

182 6.2075
182 curr_state is [['user0', 1], ['user1', 100], ['user2', 100], ['user3', 199]]
182 most_prob_action [-3, 0, 0, 3] most_prob_value 0.9981716871261597

183 6.2075
183 curr_state is [['user0', 1], ['user1', 100], ['user2', 100], ['user3', 199]]
183 most_prob_action [-3, 0, 0, 3] most_prob_value 0.9982256293296814

184 6.2075
184 curr_state is [['user0', 1], ['user1', 100], ['user2', 100], ['user3', 199]]
184 most_prob_action [-3, 0, 0, 3] most_prob_value 0.9982727766036987

185 6.2075
185 curr_state is [['user0', 1], ['user1', 100], ['user2', 100], ['user3', 199]]
185 most_prob_action [-3, 0, 0, 3] most_prob_value 0.9983139038085938

186 6.2075
186 curr_state is [['user0', 1], ['user1', 100], ['user2', 100], ['user3', 199]]
186 most_prob_action [-3, 0, 0, 3] most_prob_value 0.9983501434326172

187 6.2075
187 curr_state is [['user0', 1], ['user1', 100], ['user2', 100], ['user3', 199]]
187 most_prob_action [-3, 0, 0, 3] most_prob_value 0.9983818531036377

188 6.2075
188 curr_state is [['user0', 1], ['user1', 100], ['user2', 100], ['user3', 199]]
188 most_prob_action [-3, 0, 0, 3] most_prob_value 0.9984096884727478

189 6.18875
189 curr_state is [['user0', 1], ['user1', 97], ['user2', 100], ['user3', 202]]
189 most_prob_action [-3, 0, 0, 3] most_prob_value 0.9986492991447449

190 6.2075
190 curr_state is [['user0', 1], ['user1', 100], ['user2', 100], ['user3', 199]]
190 most_prob_action [-3, 0, 0, 3] most_prob_value 0.9986805319786072

191 6.2075
191 curr_state is [['user0', 1], ['user1', 100], ['user2', 100], ['user3', 199]]
191 most_prob_action [-3, 0, 0, 3] most_prob_value 0.9987816214561462

192 6.2075
192 curr_state is [['user0', 1], ['user1', 100], ['user2', 100], ['user3', 199]]
192 most_prob_action [-3, 0, 0, 3] most_prob_value 0.9988662004470825

193 6.2075
193 curr_state is [['user0', 1], ['user1', 100], ['user2', 100], ['user3', 199]]
193 most_prob_action [-3, 0, 0, 3] most_prob_value 0.9989373087882996

194 6.2075
194 curr_state is [['user0', 1], ['user1', 100], ['user2', 100], ['user3', 199]]
194 most_prob_action [-3, 0, 0, 3] most_prob_value 0.9989975094795227

195 6.2075
195 curr_state is [['user0', 1], ['user1', 100], ['user2', 100], ['user3', 199]]
195 most_prob_action [-3, 0, 0, 3] most_prob_value 0.9990488886833191

196 6.2075
196 curr_state is [['user0', 1], ['user1', 100], ['user2', 100], ['user3', 199]]
196 most_prob_action [-3, 0, 0, 3] most_prob_value 0.9990928173065186

197 6.2075
197 curr_state is [['user0', 1], ['user1', 100], ['user2', 100], ['user3', 199]]
197 most_prob_action [-3, 0, 0, 3] most_prob_value 0.9991306662559509

198 6.2075
198 curr_state is [['user0', 1], ['user1', 100], ['user2', 100], ['user3', 199]]
198 most_prob_action [-3, 0, 0, 3] most_prob_value 0.9991633892059326

199 6.2075
199 curr_state is [['user0', 1], ['user1', 100], ['user2', 100], ['user3', 199]]
199 most_prob_action [-3, 0, 0, 3] most_prob_value 0.9991917014122009

200 6.2075
200 curr_state is [['user0', 1], ['user1', 100], ['user2', 100], ['user3', 199]]
200 most_prob_action [-3, 0, 0, 3] most_prob_value 0.9992163181304932

---------------change workloads here------------
201 6.2075
201 curr_state is [['user0', 1], ['user1', 100], ['user2', 100], ['user3', 199]]
201 most_prob_action [-3, 0, 0, 3] most_prob_value 0.9992377758026123

202 6.2075
202 curr_state is [['user0', 1], ['user1', 100], ['user2', 100], ['user3', 199]]
202 most_prob_action [-3, 0, 0, 3] most_prob_value 0.9992565512657166

203 6.2075
203 curr_state is [['user0', 1], ['user1', 100], ['user2', 100], ['user3', 199]]
203 most_prob_action [-3, 0, 0, 3] most_prob_value 0.9992731213569641

204 6.2075
204 curr_state is [['user0', 1], ['user1', 100], ['user2', 100], ['user3', 199]]
204 most_prob_action [-3, 0, 0, 3] most_prob_value 0.9992875456809998

205 6.2075
205 curr_state is [['user0', 1], ['user1', 100], ['user2', 100], ['user3', 199]]
205 most_prob_action [-3, 0, 0, 3] most_prob_value 0.9993002414703369

206 6.2075
206 curr_state is [['user0', 1], ['user1', 100], ['user2', 100], ['user3', 199]]
206 most_prob_action [-3, 0, 0, 3] most_prob_value 0.9993114471435547

207 6.2075
207 curr_state is [['user0', 1], ['user1', 100], ['user2', 100], ['user3', 199]]
207 most_prob_action [-3, 0, 0, 3] most_prob_value 0.9993213415145874

208 6.2075
208 curr_state is [['user0', 1], ['user1', 100], ['user2', 100], ['user3', 199]]
208 most_prob_action [-3, 0, 0, 3] most_prob_value 0.9993300437927246

209 6.2075
209 curr_state is [['user0', 1], ['user1', 100], ['user2', 100], ['user3', 199]]
209 most_prob_action [-3, 0, 0, 3] most_prob_value 0.9993376135826111

210 6.2075
210 curr_state is [['user0', 1], ['user1', 100], ['user2', 100], ['user3', 199]]
210 most_prob_action [-3, 0, 0, 3] most_prob_value 0.9993444085121155

211 6.2075
211 curr_state is [['user0', 1], ['user1', 100], ['user2', 100], ['user3', 199]]
211 most_prob_action [-3, 0, 0, 3] most_prob_value 0.999350368976593

212 6.2075
212 curr_state is [['user0', 1], ['user1', 100], ['user2', 100], ['user3', 199]]
212 most_prob_action [-3, 0, 0, 3] most_prob_value 0.9993556141853333

213 6.2075
213 curr_state is [['user0', 1], ['user1', 100], ['user2', 100], ['user3', 199]]
213 most_prob_action [-3, 0, 0, 3] most_prob_value 0.9993602633476257

214 6.2075
214 curr_state is [['user0', 1], ['user1', 100], ['user2', 100], ['user3', 199]]
214 most_prob_action [-3, 0, 0, 3] most_prob_value 0.9993643164634705

215 6.2075
215 curr_state is [['user0', 1], ['user1', 100], ['user2', 100], ['user3', 199]]
215 most_prob_action [-3, 0, 0, 3] most_prob_value 0.999367892742157

216 6.2075
216 curr_state is [['user0', 1], ['user1', 100], ['user2', 100], ['user3', 199]]
216 most_prob_action [-3, 0, 0, 3] most_prob_value 0.9993709921836853

217 6.2075
217 curr_state is [['user0', 1], ['user1', 100], ['user2', 100], ['user3', 199]]
217 most_prob_action [-3, 0, 0, 3] most_prob_value 0.999373733997345

218 6.2075
218 curr_state is [['user0', 1], ['user1', 100], ['user2', 100], ['user3', 199]]
218 most_prob_action [-3, 0, 0, 3] most_prob_value 0.999376118183136

219 6.2075
219 curr_state is [['user0', 1], ['user1', 100], ['user2', 100], ['user3', 199]]
219 most_prob_action [-3, 0, 0, 3] most_prob_value 0.9993780851364136

220 6.2075
220 curr_state is [['user0', 1], ['user1', 100], ['user2', 100], ['user3', 199]]
220 most_prob_action [-3, 0, 0, 3] most_prob_value 0.9993798732757568

221 6.2075
221 curr_state is [['user0', 1], ['user1', 100], ['user2', 100], ['user3', 199]]
221 most_prob_action [-3, 0, 0, 3] most_prob_value 0.9993813037872314

222 6.2075
222 curr_state is [['user0', 1], ['user1', 100], ['user2', 100], ['user3', 199]]
222 most_prob_action [-3, 0, 0, 3] most_prob_value 0.9993826150894165

223 6.2075
223 curr_state is [['user0', 1], ['user1', 100], ['user2', 100], ['user3', 199]]
223 most_prob_action [-3, 0, 0, 3] most_prob_value 0.9993836879730225

224 6.2075
224 curr_state is [['user0', 1], ['user1', 100], ['user2', 100], ['user3', 199]]
224 most_prob_action [-3, 0, 0, 3] most_prob_value 0.9993846416473389

225 6.2075
225 curr_state is [['user0', 1], ['user1', 100], ['user2', 100], ['user3', 199]]
225 most_prob_action [-3, 0, 0, 3] most_prob_value 0.9993853569030762

226 6.2075
226 curr_state is [['user0', 1], ['user1', 100], ['user2', 100], ['user3', 199]]
226 most_prob_action [-3, 0, 0, 3] most_prob_value 0.9993859529495239

227 6.2075
227 curr_state is [['user0', 1], ['user1', 100], ['user2', 100], ['user3', 199]]
227 most_prob_action [-3, 0, 0, 3] most_prob_value 0.9993863105773926

228 6.2075
228 curr_state is [['user0', 1], ['user1', 100], ['user2', 100], ['user3', 199]]
228 most_prob_action [-3, 0, 0, 3] most_prob_value 0.9993866682052612

229 6.2075
229 curr_state is [['user0', 1], ['user1', 100], ['user2', 100], ['user3', 199]]
229 most_prob_action [-3, 0, 0, 3] most_prob_value 0.9993869066238403

230 6.2075
230 curr_state is [['user0', 1], ['user1', 100], ['user2', 100], ['user3', 199]]
230 most_prob_action [-3, 0, 0, 3] most_prob_value 0.9993870258331299

231 6.2075
231 curr_state is [['user0', 1], ['user1', 100], ['user2', 100], ['user3', 199]]
231 most_prob_action [-3, 0, 0, 3] most_prob_value 0.9993870258331299

232 6.2075
232 curr_state is [['user0', 1], ['user1', 100], ['user2', 100], ['user3', 199]]
232 most_prob_action [-3, 0, 0, 3] most_prob_value 0.9993869066238403

233 6.2075
233 curr_state is [['user0', 1], ['user1', 100], ['user2', 100], ['user3', 199]]
233 most_prob_action [-3, 0, 0, 3] most_prob_value 0.9993867874145508

234 6.2075
234 curr_state is [['user0', 1], ['user1', 100], ['user2', 100], ['user3', 199]]
234 most_prob_action [-3, 0, 0, 3] most_prob_value 0.9993865489959717

235 6.2075
235 curr_state is [['user0', 1], ['user1', 100], ['user2', 100], ['user3', 199]]
235 most_prob_action [-3, 0, 0, 3] most_prob_value 0.9993863105773926

236 6.2075
236 curr_state is [['user0', 1], ['user1', 100], ['user2', 100], ['user3', 199]]
236 most_prob_action [-3, 0, 0, 3] most_prob_value 0.9993859529495239

237 6.2075
237 curr_state is [['user0', 1], ['user1', 100], ['user2', 100], ['user3', 199]]
237 most_prob_action [-3, 0, 0, 3] most_prob_value 0.9993855953216553

238 6.2075
238 curr_state is [['user0', 1], ['user1', 100], ['user2', 100], ['user3', 199]]
238 most_prob_action [-3, 0, 0, 3] most_prob_value 0.9993852376937866

239 6.2075
239 curr_state is [['user0', 1], ['user1', 100], ['user2', 100], ['user3', 199]]
239 most_prob_action [-3, 0, 0, 3] most_prob_value 0.9993847608566284

240 6.2075
240 curr_state is [['user0', 1], ['user1', 100], ['user2', 100], ['user3', 199]]
240 most_prob_action [-3, 0, 0, 3] most_prob_value 0.9993842840194702

241 6.2075
241 curr_state is [['user0', 1], ['user1', 100], ['user2', 100], ['user3', 199]]
241 most_prob_action [-3, 0, 0, 3] most_prob_value 0.9993836879730225

242 6.2075
242 curr_state is [['user0', 1], ['user1', 100], ['user2', 100], ['user3', 199]]
242 most_prob_action [-3, 0, 0, 3] most_prob_value 0.9993830919265747

243 6.2075
243 curr_state is [['user0', 1], ['user1', 100], ['user2', 100], ['user3', 199]]
243 most_prob_action [-3, 0, 0, 3] most_prob_value 0.999382495880127

244 6.2075
244 curr_state is [['user0', 1], ['user1', 100], ['user2', 100], ['user3', 199]]
244 most_prob_action [-3, 0, 0, 3] most_prob_value 0.9993818998336792

245 6.2075
245 curr_state is [['user0', 1], ['user1', 100], ['user2', 100], ['user3', 199]]
245 most_prob_action [-3, 0, 0, 3] most_prob_value 0.9993813037872314

246 6.2075
246 curr_state is [['user0', 1], ['user1', 100], ['user2', 100], ['user3', 199]]
246 most_prob_action [-3, 0, 0, 3] most_prob_value 0.9993805885314941

247 6.2075
247 curr_state is [['user0', 1], ['user1', 100], ['user2', 100], ['user3', 199]]
247 most_prob_action [-3, 0, 0, 3] most_prob_value 0.9993799924850464

248 6.2075
248 curr_state is [['user0', 1], ['user1', 100], ['user2', 100], ['user3', 199]]
248 most_prob_action [-3, 0, 0, 3] most_prob_value 0.9993792772293091

249 6.2075
249 curr_state is [['user0', 1], ['user1', 100], ['user2', 100], ['user3', 199]]
249 most_prob_action [-3, 0, 0, 3] most_prob_value 0.9993785619735718

250 6.2075
250 curr_state is [['user0', 1], ['user1', 100], ['user2', 100], ['user3', 199]]
250 most_prob_action [-3, 0, 0, 3] most_prob_value 0.9993777275085449

251 6.2075
251 curr_state is [['user0', 1], ['user1', 100], ['user2', 100], ['user3', 199]]
251 most_prob_action [-3, 0, 0, 3] most_prob_value 0.9993770718574524

252 6.2075
252 curr_state is [['user0', 1], ['user1', 100], ['user2', 100], ['user3', 199]]
252 most_prob_action [-3, 0, 0, 3] most_prob_value 0.9993763566017151

253 6.2075
253 curr_state is [['user0', 1], ['user1', 100], ['user2', 100], ['user3', 199]]
253 most_prob_action [-3, 0, 0, 3] most_prob_value 0.9993755221366882

254 6.2075
254 curr_state is [['user0', 1], ['user1', 100], ['user2', 100], ['user3', 199]]
254 most_prob_action [-3, 0, 0, 3] most_prob_value 0.9993746876716614

255 6.2075
255 curr_state is [['user0', 1], ['user1', 100], ['user2', 100], ['user3', 199]]
255 most_prob_action [-3, 0, 0, 3] most_prob_value 0.9993739724159241

256 6.2075
256 curr_state is [['user0', 1], ['user1', 100], ['user2', 100], ['user3', 199]]
256 most_prob_action [-3, 0, 0, 3] most_prob_value 0.9993731379508972

257 6.2075
257 curr_state is [['user0', 1], ['user1', 100], ['user2', 100], ['user3', 199]]
257 most_prob_action [-3, 0, 0, 3] most_prob_value 0.9993723034858704

258 6.2075
258 curr_state is [['user0', 1], ['user1', 100], ['user2', 100], ['user3', 199]]
258 most_prob_action [-3, 0, 0, 3] most_prob_value 0.9993714690208435

259 6.2075
259 curr_state is [['user0', 1], ['user1', 100], ['user2', 100], ['user3', 199]]
259 most_prob_action [-3, 0, 0, 3] most_prob_value 0.9993706345558167

260 6.2075
260 curr_state is [['user0', 1], ['user1', 100], ['user2', 100], ['user3', 199]]
260 most_prob_action [-3, 0, 0, 3] most_prob_value 0.9993696808815002

261 6.2075
261 curr_state is [['user0', 1], ['user1', 100], ['user2', 100], ['user3', 199]]
261 most_prob_action [-3, 0, 0, 3] most_prob_value 0.9993688464164734

262 6.2075
262 curr_state is [['user0', 1], ['user1', 100], ['user2', 100], ['user3', 199]]
262 most_prob_action [-3, 0, 0, 3] most_prob_value 0.9993680119514465

263 6.2075
263 curr_state is [['user0', 1], ['user1', 100], ['user2', 100], ['user3', 199]]
263 most_prob_action [-3, 0, 0, 3] most_prob_value 0.9993670582771301

264 6.2075
264 curr_state is [['user0', 1], ['user1', 100], ['user2', 100], ['user3', 199]]
264 most_prob_action [-3, 0, 0, 3] most_prob_value 0.9993662238121033

265 6.2075
265 curr_state is [['user0', 1], ['user1', 100], ['user2', 100], ['user3', 199]]
265 most_prob_action [-3, 0, 0, 3] most_prob_value 0.9993652701377869

266 6.2075
266 curr_state is [['user0', 1], ['user1', 100], ['user2', 100], ['user3', 199]]
266 most_prob_action [-3, 0, 0, 3] most_prob_value 0.99936443567276

267 6.2075
267 curr_state is [['user0', 1], ['user1', 100], ['user2', 100], ['user3', 199]]
267 most_prob_action [-3, 0, 0, 3] most_prob_value 0.9993634819984436

268 6.2075
268 curr_state is [['user0', 1], ['user1', 100], ['user2', 100], ['user3', 199]]
268 most_prob_action [-3, 0, 0, 3] most_prob_value 0.9993625283241272

269 6.2075
269 curr_state is [['user0', 1], ['user1', 100], ['user2', 100], ['user3', 199]]
269 most_prob_action [-3, 0, 0, 3] most_prob_value 0.9993616938591003

270 6.2075
270 curr_state is [['user0', 1], ['user1', 100], ['user2', 100], ['user3', 199]]
270 most_prob_action [-3, 0, 0, 3] most_prob_value 0.9993607401847839

271 6.2075
271 curr_state is [['user0', 1], ['user1', 100], ['user2', 100], ['user3', 199]]
271 most_prob_action [-3, 0, 0, 3] most_prob_value 0.9993597865104675

272 6.2075
272 curr_state is [['user0', 1], ['user1', 100], ['user2', 100], ['user3', 199]]
272 most_prob_action [-3, 0, 0, 3] most_prob_value 0.9993588328361511

273 6.2075
273 curr_state is [['user0', 1], ['user1', 100], ['user2', 100], ['user3', 199]]
273 most_prob_action [-3, 0, 0, 3] most_prob_value 0.9993578791618347

274 6.2075
274 curr_state is [['user0', 1], ['user1', 100], ['user2', 100], ['user3', 199]]
274 most_prob_action [-3, 0, 0, 3] most_prob_value 0.9993569254875183

275 6.2075
275 curr_state is [['user0', 1], ['user1', 100], ['user2', 100], ['user3', 199]]
275 most_prob_action [-3, 0, 0, 3] most_prob_value 0.9993559718132019

276 6.2075
276 curr_state is [['user0', 1], ['user1', 100], ['user2', 100], ['user3', 199]]
276 most_prob_action [-3, 0, 0, 3] most_prob_value 0.9993550181388855

277 6.2075
277 curr_state is [['user0', 1], ['user1', 100], ['user2', 100], ['user3', 199]]
277 most_prob_action [-3, 0, 0, 3] most_prob_value 0.9993540644645691

278 6.2075
278 curr_state is [['user0', 1], ['user1', 100], ['user2', 100], ['user3', 199]]
278 most_prob_action [-3, 0, 0, 3] most_prob_value 0.9993531107902527

279 6.2075
279 curr_state is [['user0', 1], ['user1', 100], ['user2', 100], ['user3', 199]]
279 most_prob_action [-3, 0, 0, 3] most_prob_value 0.9993520379066467

280 6.2075
280 curr_state is [['user0', 1], ['user1', 100], ['user2', 100], ['user3', 199]]
280 most_prob_action [-3, 0, 0, 3] most_prob_value 0.9993510842323303

281 6.2075
281 curr_state is [['user0', 1], ['user1', 100], ['user2', 100], ['user3', 199]]
281 most_prob_action [-3, 0, 0, 3] most_prob_value 0.9993501305580139

282 6.2075
282 curr_state is [['user0', 1], ['user1', 100], ['user2', 100], ['user3', 199]]
282 most_prob_action [-3, 0, 0, 3] most_prob_value 0.999349057674408

283 6.2075
283 curr_state is [['user0', 1], ['user1', 100], ['user2', 100], ['user3', 199]]
283 most_prob_action [-3, 0, 0, 3] most_prob_value 0.9993481040000916

284 6.2075
284 curr_state is [['user0', 1], ['user1', 100], ['user2', 100], ['user3', 199]]
284 most_prob_action [-3, 0, 0, 3] most_prob_value 0.9993470311164856

285 6.2075
285 curr_state is [['user0', 1], ['user1', 100], ['user2', 100], ['user3', 199]]
285 most_prob_action [-3, 0, 0, 3] most_prob_value 0.9993460774421692

286 6.2075
286 curr_state is [['user0', 1], ['user1', 100], ['user2', 100], ['user3', 199]]
286 most_prob_action [-3, 0, 0, 3] most_prob_value 0.9993450045585632

287 6.2075
287 curr_state is [['user0', 1], ['user1', 100], ['user2', 100], ['user3', 199]]
287 most_prob_action [-3, 0, 0, 3] most_prob_value 0.9993440508842468

288 6.2075
288 curr_state is [['user0', 1], ['user1', 100], ['user2', 100], ['user3', 199]]
288 most_prob_action [-3, 0, 0, 3] most_prob_value 0.9993429780006409

289 6.2075
289 curr_state is [['user0', 1], ['user1', 100], ['user2', 100], ['user3', 199]]
289 most_prob_action [-3, 0, 0, 3] most_prob_value 0.9993419051170349

290 6.2075
290 curr_state is [['user0', 1], ['user1', 100], ['user2', 100], ['user3', 199]]
290 most_prob_action [-3, 0, 0, 3] most_prob_value 0.9993409514427185

291 6.2075
291 curr_state is [['user0', 1], ['user1', 100], ['user2', 100], ['user3', 199]]
291 most_prob_action [-3, 0, 0, 3] most_prob_value 0.9993398785591125

292 6.2075
292 curr_state is [['user0', 1], ['user1', 100], ['user2', 100], ['user3', 199]]
292 most_prob_action [-3, 0, 0, 3] most_prob_value 0.9993388056755066

293 6.2075
293 curr_state is [['user0', 1], ['user1', 100], ['user2', 100], ['user3', 199]]
293 most_prob_action [-3, 0, 0, 3] most_prob_value 0.9993377327919006

294 6.2075
294 curr_state is [['user0', 1], ['user1', 100], ['user2', 100], ['user3', 199]]
294 most_prob_action [-3, 0, 0, 3] most_prob_value 0.9993366599082947

295 6.2075
295 curr_state is [['user0', 1], ['user1', 100], ['user2', 100], ['user3', 199]]
295 most_prob_action [-3, 0, 0, 3] most_prob_value 0.9993355870246887

296 6.2075
296 curr_state is [['user0', 1], ['user1', 100], ['user2', 100], ['user3', 199]]
296 most_prob_action [-3, 0, 0, 3] most_prob_value 0.9993345141410828

297 6.2075
297 curr_state is [['user0', 1], ['user1', 100], ['user2', 100], ['user3', 199]]
297 most_prob_action [-3, 0, 0, 3] most_prob_value 0.9993334412574768

298 6.2075
298 curr_state is [['user0', 1], ['user1', 100], ['user2', 100], ['user3', 199]]
298 most_prob_action [-3, 0, 0, 3] most_prob_value 0.9993323683738708

299 6.2075
299 curr_state is [['user0', 1], ['user1', 100], ['user2', 100], ['user3', 199]]
299 most_prob_action [-3, 0, 0, 3] most_prob_value 0.9993313550949097

300 6.2075
300 curr_state is [['user0', 1], ['user1', 100], ['user2', 100], ['user3', 199]]
300 most_prob_action [-3, 0, 0, 3] most_prob_value 0.9993301630020142

301 6.2075
301 curr_state is [['user0', 1], ['user1', 100], ['user2', 100], ['user3', 199]]
301 most_prob_action [-3, 0, 0, 3] most_prob_value 0.9993290901184082

302 6.2075
302 curr_state is [['user0', 1], ['user1', 100], ['user2', 100], ['user3', 199]]
302 most_prob_action [-3, 0, 0, 3] most_prob_value 0.9993280172348022

303 6.2075
303 curr_state is [['user0', 1], ['user1', 100], ['user2', 100], ['user3', 199]]
303 most_prob_action [-3, 0, 0, 3] most_prob_value 0.9993268251419067

304 6.2075
304 curr_state is [['user0', 1], ['user1', 100], ['user2', 100], ['user3', 199]]
304 most_prob_action [-3, 0, 0, 3] most_prob_value 0.9993257522583008

305 6.2075
305 curr_state is [['user0', 1], ['user1', 100], ['user2', 100], ['user3', 199]]
305 most_prob_action [-3, 0, 0, 3] most_prob_value 0.9993245601654053

306 6.2075
306 curr_state is [['user0', 1], ['user1', 100], ['user2', 100], ['user3', 199]]
306 most_prob_action [-3, 0, 0, 3] most_prob_value 0.9993234872817993

307 6.2075
307 curr_state is [['user0', 1], ['user1', 100], ['user2', 100], ['user3', 199]]
307 most_prob_action [-3, 0, 0, 3] most_prob_value 0.9993222951889038

308 6.2075
308 curr_state is [['user0', 1], ['user1', 100], ['user2', 100], ['user3', 199]]
308 most_prob_action [-3, 0, 0, 3] most_prob_value 0.9993211030960083

309 6.2075
309 curr_state is [['user0', 1], ['user1', 100], ['user2', 100], ['user3', 199]]
309 most_prob_action [-3, 0, 0, 3] most_prob_value 0.9993200302124023

310 6.2075
310 curr_state is [['user0', 1], ['user1', 100], ['user2', 100], ['user3', 199]]
310 most_prob_action [-3, 0, 0, 3] most_prob_value 0.9993188381195068

311 6.2075
311 curr_state is [['user0', 1], ['user1', 100], ['user2', 100], ['user3', 199]]
311 most_prob_action [-3, 0, 0, 3] most_prob_value 0.9993176460266113

312 6.2075
312 curr_state is [['user0', 1], ['user1', 100], ['user2', 100], ['user3', 199]]
312 most_prob_action [-3, 0, 0, 3] most_prob_value 0.9993164539337158

313 6.2075
313 curr_state is [['user0', 1], ['user1', 100], ['user2', 100], ['user3', 199]]
313 most_prob_action [-3, 0, 0, 3] most_prob_value 0.9993152618408203

314 6.2075
314 curr_state is [['user0', 1], ['user1', 100], ['user2', 100], ['user3', 199]]
314 most_prob_action [-3, 0, 0, 3] most_prob_value 0.9993140697479248

315 6.2075
315 curr_state is [['user0', 1], ['user1', 100], ['user2', 100], ['user3', 199]]
315 most_prob_action [-3, 0, 0, 3] most_prob_value 0.9993128776550293

316 6.2075
316 curr_state is [['user0', 1], ['user1', 100], ['user2', 100], ['user3', 199]]
316 most_prob_action [-3, 0, 0, 3] most_prob_value 0.9993116855621338

317 6.2075
317 curr_state is [['user0', 1], ['user1', 100], ['user2', 100], ['user3', 199]]
317 most_prob_action [-3, 0, 0, 3] most_prob_value 0.9993104934692383

318 6.2075
318 curr_state is [['user0', 1], ['user1', 100], ['user2', 100], ['user3', 199]]
318 most_prob_action [-3, 0, 0, 3] most_prob_value 0.9993093013763428

319 6.2075
319 curr_state is [['user0', 1], ['user1', 100], ['user2', 100], ['user3', 199]]
319 most_prob_action [-3, 0, 0, 3] most_prob_value 0.9993081092834473

320 6.2075
320 curr_state is [['user0', 1], ['user1', 100], ['user2', 100], ['user3', 199]]
320 most_prob_action [-3, 0, 0, 3] most_prob_value 0.9993067979812622

321 6.2075
321 curr_state is [['user0', 1], ['user1', 100], ['user2', 100], ['user3', 199]]
321 most_prob_action [-3, 0, 0, 3] most_prob_value 0.9993056058883667

322 6.2075
322 curr_state is [['user0', 1], ['user1', 100], ['user2', 100], ['user3', 199]]
322 most_prob_action [-3, 0, 0, 3] most_prob_value 0.9993044137954712

323 6.2075
323 curr_state is [['user0', 1], ['user1', 100], ['user2', 100], ['user3', 199]]
323 most_prob_action [-3, 0, 0, 3] most_prob_value 0.9993031024932861

324 6.2075
324 curr_state is [['user0', 1], ['user1', 100], ['user2', 100], ['user3', 199]]
324 most_prob_action [-3, 0, 0, 3] most_prob_value 0.9993019104003906

325 6.2075
325 curr_state is [['user0', 1], ['user1', 100], ['user2', 100], ['user3', 199]]
325 most_prob_action [-3, 0, 0, 3] most_prob_value 0.9993005990982056

326 6.2075
326 curr_state is [['user0', 1], ['user1', 100], ['user2', 100], ['user3', 199]]
326 most_prob_action [-3, 0, 0, 3] most_prob_value 0.9992992877960205

327 6.2075
327 curr_state is [['user0', 1], ['user1', 100], ['user2', 100], ['user3', 199]]
327 most_prob_action [-3, 0, 0, 3] most_prob_value 0.999298095703125

328 6.2075
328 curr_state is [['user0', 1], ['user1', 100], ['user2', 100], ['user3', 199]]
328 most_prob_action [-3, 0, 0, 3] most_prob_value 0.9992967844009399

329 6.2075
329 curr_state is [['user0', 1], ['user1', 100], ['user2', 100], ['user3', 199]]
329 most_prob_action [-3, 0, 0, 3] most_prob_value 0.9992954730987549

330 6.2075
330 curr_state is [['user0', 1], ['user1', 100], ['user2', 100], ['user3', 199]]
330 most_prob_action [-3, 0, 0, 3] most_prob_value 0.9992941617965698

331 6.2075
331 curr_state is [['user0', 1], ['user1', 100], ['user2', 100], ['user3', 199]]
331 most_prob_action [-3, 0, 0, 3] most_prob_value 0.9992928504943848

332 6.2075
332 curr_state is [['user0', 1], ['user1', 100], ['user2', 100], ['user3', 199]]
332 most_prob_action [-3, 0, 0, 3] most_prob_value 0.9992915391921997

333 6.2075
333 curr_state is [['user0', 1], ['user1', 100], ['user2', 100], ['user3', 199]]
333 most_prob_action [-3, 0, 0, 3] most_prob_value 0.9992902278900146

334 6.2075
334 curr_state is [['user0', 1], ['user1', 100], ['user2', 100], ['user3', 199]]
334 most_prob_action [-3, 0, 0, 3] most_prob_value 0.9992889165878296

335 6.2075
335 curr_state is [['user0', 1], ['user1', 100], ['user2', 100], ['user3', 199]]
335 most_prob_action [-3, 0, 0, 3] most_prob_value 0.9992876648902893

336 6.2075
336 curr_state is [['user0', 1], ['user1', 100], ['user2', 100], ['user3', 199]]
336 most_prob_action [-3, 0, 0, 3] most_prob_value 0.9992863535881042

337 6.2075
337 curr_state is [['user0', 1], ['user1', 100], ['user2', 100], ['user3', 199]]
337 most_prob_action [-3, 0, 0, 3] most_prob_value 0.9992849230766296

338 6.2075
338 curr_state is [['user0', 1], ['user1', 100], ['user2', 100], ['user3', 199]]
338 most_prob_action [-3, 0, 0, 3] most_prob_value 0.9992836117744446

339 6.2075
339 curr_state is [['user0', 1], ['user1', 100], ['user2', 100], ['user3', 199]]
339 most_prob_action [-3, 0, 0, 3] most_prob_value 0.9992823004722595

340 6.2075
340 curr_state is [['user0', 1], ['user1', 100], ['user2', 100], ['user3', 199]]
340 most_prob_action [-3, 0, 0, 3] most_prob_value 0.9992808699607849

341 6.2075
341 curr_state is [['user0', 1], ['user1', 100], ['user2', 100], ['user3', 199]]
341 most_prob_action [-3, 0, 0, 3] most_prob_value 0.9992795586585999

342 6.2075
342 curr_state is [['user0', 1], ['user1', 100], ['user2', 100], ['user3', 199]]
342 most_prob_action [-3, 0, 0, 3] most_prob_value 0.9992781281471252

343 6.2075
343 curr_state is [['user0', 1], ['user1', 100], ['user2', 100], ['user3', 199]]
343 most_prob_action [-3, 0, 0, 3] most_prob_value 0.9992766976356506

344 6.2075
344 curr_state is [['user0', 1], ['user1', 100], ['user2', 100], ['user3', 199]]
344 most_prob_action [-3, 0, 0, 3] most_prob_value 0.9992753863334656

345 6.2075
345 curr_state is [['user0', 1], ['user1', 100], ['user2', 100], ['user3', 199]]
345 most_prob_action [-3, 0, 0, 3] most_prob_value 0.999273955821991

346 6.2075
346 curr_state is [['user0', 1], ['user1', 100], ['user2', 100], ['user3', 199]]
346 most_prob_action [-3, 0, 0, 3] most_prob_value 0.9992725253105164

347 6.2075
347 curr_state is [['user0', 1], ['user1', 100], ['user2', 100], ['user3', 199]]
347 most_prob_action [-3, 0, 0, 3] most_prob_value 0.9992710947990417

348 6.2075
348 curr_state is [['user0', 1], ['user1', 100], ['user2', 100], ['user3', 199]]
348 most_prob_action [-3, 0, 0, 3] most_prob_value 0.9992696642875671

349 6.2075
349 curr_state is [['user0', 1], ['user1', 100], ['user2', 100], ['user3', 199]]
349 most_prob_action [-3, 0, 0, 3] most_prob_value 0.9992682337760925

350 6.2075
350 curr_state is [['user0', 1], ['user1', 100], ['user2', 100], ['user3', 199]]
350 most_prob_action [-3, 0, 0, 3] most_prob_value 0.9992668032646179

351 6.2075
351 curr_state is [['user0', 1], ['user1', 100], ['user2', 100], ['user3', 199]]
351 most_prob_action [-3, 0, 0, 3] most_prob_value 0.9992652535438538

352 6.2075
352 curr_state is [['user0', 1], ['user1', 100], ['user2', 100], ['user3', 199]]
352 most_prob_action [-3, 0, 0, 3] most_prob_value 0.9992638230323792

353 6.2075
353 curr_state is [['user0', 1], ['user1', 100], ['user2', 100], ['user3', 199]]
353 most_prob_action [-3, 0, 0, 3] most_prob_value 0.9992623925209045

354 6.2075
354 curr_state is [['user0', 1], ['user1', 100], ['user2', 100], ['user3', 199]]
354 most_prob_action [-3, 0, 0, 3] most_prob_value 0.9992608428001404

355 6.2075
355 curr_state is [['user0', 1], ['user1', 100], ['user2', 100], ['user3', 199]]
355 most_prob_action [-3, 0, 0, 3] most_prob_value 0.9992594122886658

356 6.2075
356 curr_state is [['user0', 1], ['user1', 100], ['user2', 100], ['user3', 199]]
356 most_prob_action [-3, 0, 0, 3] most_prob_value 0.9992578625679016

357 6.2075
357 curr_state is [['user0', 1], ['user1', 100], ['user2', 100], ['user3', 199]]
357 most_prob_action [-3, 0, 0, 3] most_prob_value 0.999256432056427

358 6.2075
358 curr_state is [['user0', 1], ['user1', 100], ['user2', 100], ['user3', 199]]
358 most_prob_action [-3, 0, 0, 3] most_prob_value 0.9992548823356628

359 6.2075
359 curr_state is [['user0', 1], ['user1', 100], ['user2', 100], ['user3', 199]]
359 most_prob_action [-3, 0, 0, 3] most_prob_value 0.9992533326148987

360 6.2075
360 curr_state is [['user0', 1], ['user1', 100], ['user2', 100], ['user3', 199]]
360 most_prob_action [-3, 0, 0, 3] most_prob_value 0.9992517828941345

361 6.2075
361 curr_state is [['user0', 1], ['user1', 100], ['user2', 100], ['user3', 199]]
361 most_prob_action [-3, 0, 0, 3] most_prob_value 0.9992503523826599

362 6.2075
362 curr_state is [['user0', 1], ['user1', 100], ['user2', 100], ['user3', 199]]
362 most_prob_action [-3, 0, 0, 3] most_prob_value 0.9992488026618958

363 6.2075
363 curr_state is [['user0', 1], ['user1', 100], ['user2', 100], ['user3', 199]]
363 most_prob_action [-3, 0, 0, 3] most_prob_value 0.9992471933364868

364 6.2075
364 curr_state is [['user0', 1], ['user1', 100], ['user2', 100], ['user3', 199]]
364 most_prob_action [-3, 0, 0, 3] most_prob_value 0.9992456436157227

365 6.2075
365 curr_state is [['user0', 1], ['user1', 100], ['user2', 100], ['user3', 199]]
365 most_prob_action [-3, 0, 0, 3] most_prob_value 0.9992440938949585

366 6.18875
366 curr_state is [['user0', 1], ['user1', 97], ['user2', 100], ['user3', 202]]
366 most_prob_action [-3, 0, 0, 3] most_prob_value 0.9993791580200195

367 6.2075
367 curr_state is [['user0', 1], ['user1', 100], ['user2', 100], ['user3', 199]]
367 most_prob_action [-3, 0, 0, 3] most_prob_value 0.9994052648544312

368 6.2075
368 curr_state is [['user0', 1], ['user1', 100], ['user2', 100], ['user3', 199]]
368 most_prob_action [-3, 0, 0, 3] most_prob_value 0.9994632601737976

369 6.2075
369 curr_state is [['user0', 1], ['user1', 100], ['user2', 100], ['user3', 199]]
369 most_prob_action [-3, 0, 0, 3] most_prob_value 0.9995105266571045

370 6.2075
370 curr_state is [['user0', 1], ['user1', 100], ['user2', 100], ['user3', 199]]
370 most_prob_action [-3, 0, 0, 3] most_prob_value 0.9995494484901428

371 6.2075
371 curr_state is [['user0', 1], ['user1', 100], ['user2', 100], ['user3', 199]]
371 most_prob_action [-3, 0, 0, 3] most_prob_value 0.9995818734169006

372 6.2075
372 curr_state is [['user0', 1], ['user1', 100], ['user2', 100], ['user3', 199]]
372 most_prob_action [-3, 0, 0, 3] most_prob_value 0.9996090531349182

373 6.2075
373 curr_state is [['user0', 1], ['user1', 100], ['user2', 100], ['user3', 199]]
373 most_prob_action [-3, 0, 0, 3] most_prob_value 0.9996318817138672

374 6.2075
374 curr_state is [['user0', 1], ['user1', 100], ['user2', 100], ['user3', 199]]
374 most_prob_action [-3, 0, 0, 3] most_prob_value 0.999651312828064

375 6.2075
375 curr_state is [['user0', 1], ['user1', 100], ['user2', 100], ['user3', 199]]
375 most_prob_action [-3, 0, 0, 3] most_prob_value 0.9996678829193115

376 6.2075
376 curr_state is [['user0', 1], ['user1', 100], ['user2', 100], ['user3', 199]]
376 most_prob_action [-3, 0, 0, 3] most_prob_value 0.9996821880340576

377 6.2075
377 curr_state is [['user0', 1], ['user1', 100], ['user2', 100], ['user3', 199]]
377 most_prob_action [-3, 0, 0, 3] most_prob_value 0.9996944665908813

378 6.2075
378 curr_state is [['user0', 1], ['user1', 100], ['user2', 100], ['user3', 199]]
378 most_prob_action [-3, 0, 0, 3] most_prob_value 0.9997050166130066

379 6.2075
379 curr_state is [['user0', 1], ['user1', 100], ['user2', 100], ['user3', 199]]
379 most_prob_action [-3, 0, 0, 3] most_prob_value 0.999714195728302

380 6.2075
380 curr_state is [['user0', 1], ['user1', 100], ['user2', 100], ['user3', 199]]
380 most_prob_action [-3, 0, 0, 3] most_prob_value 0.9997223019599915

381 6.2075
381 curr_state is [['user0', 1], ['user1', 100], ['user2', 100], ['user3', 199]]
381 most_prob_action [-3, 0, 0, 3] most_prob_value 0.9997292160987854

382 6.2075
382 curr_state is [['user0', 1], ['user1', 100], ['user2', 100], ['user3', 199]]
382 most_prob_action [-3, 0, 0, 3] most_prob_value 0.999735414981842

383 6.2075
383 curr_state is [['user0', 1], ['user1', 100], ['user2', 100], ['user3', 199]]
383 most_prob_action [-3, 0, 0, 3] most_prob_value 0.9997407793998718

384 6.2075
384 curr_state is [['user0', 1], ['user1', 100], ['user2', 100], ['user3', 199]]
384 most_prob_action [-3, 0, 0, 3] most_prob_value 0.9997454285621643

385 6.2075
385 curr_state is [['user0', 1], ['user1', 100], ['user2', 100], ['user3', 199]]
385 most_prob_action [-3, 0, 0, 3] most_prob_value 0.9997497200965881

386 6.2075
386 curr_state is [['user0', 1], ['user1', 100], ['user2', 100], ['user3', 199]]
386 most_prob_action [-3, 0, 0, 3] most_prob_value 0.9997532963752747

387 6.2075
387 curr_state is [['user0', 1], ['user1', 100], ['user2', 100], ['user3', 199]]
387 most_prob_action [-3, 0, 0, 3] most_prob_value 0.9997565150260925

388 6.2075
388 curr_state is [['user0', 1], ['user1', 100], ['user2', 100], ['user3', 199]]
388 most_prob_action [-3, 0, 0, 3] most_prob_value 0.9997593760490417

389 6.2075
389 curr_state is [['user0', 1], ['user1', 100], ['user2', 100], ['user3', 199]]
389 most_prob_action [-3, 0, 0, 3] most_prob_value 0.9997618794441223

390 6.2075
390 curr_state is [['user0', 1], ['user1', 100], ['user2', 100], ['user3', 199]]
390 most_prob_action [-3, 0, 0, 3] most_prob_value 0.9997640252113342

391 6.2075
391 curr_state is [['user0', 1], ['user1', 100], ['user2', 100], ['user3', 199]]
391 most_prob_action [-3, 0, 0, 3] most_prob_value 0.999765932559967

392 6.2075
392 curr_state is [['user0', 1], ['user1', 100], ['user2', 100], ['user3', 199]]
392 most_prob_action [-3, 0, 0, 3] most_prob_value 0.9997677206993103

393 6.2075
393 curr_state is [['user0', 1], ['user1', 100], ['user2', 100], ['user3', 199]]
393 most_prob_action [-3, 0, 0, 3] most_prob_value 0.9997691512107849

394 6.2075
394 curr_state is [['user0', 1], ['user1', 100], ['user2', 100], ['user3', 199]]
394 most_prob_action [-3, 0, 0, 3] most_prob_value 0.99977046251297

395 6.2075
395 curr_state is [['user0', 1], ['user1', 100], ['user2', 100], ['user3', 199]]
395 most_prob_action [-3, 0, 0, 3] most_prob_value 0.9997716546058655

396 6.2075
396 curr_state is [['user0', 1], ['user1', 100], ['user2', 100], ['user3', 199]]
396 most_prob_action [-3, 0, 0, 3] most_prob_value 0.9997726082801819

397 6.2075
397 curr_state is [['user0', 1], ['user1', 100], ['user2', 100], ['user3', 199]]
397 most_prob_action [-3, 0, 0, 3] most_prob_value 0.9997734427452087

398 6.2075
398 curr_state is [['user0', 1], ['user1', 100], ['user2', 100], ['user3', 199]]
398 most_prob_action [-3, 0, 0, 3] most_prob_value 0.999774158000946

399 6.2075
399 curr_state is [['user0', 1], ['user1', 100], ['user2', 100], ['user3', 199]]
399 most_prob_action [-3, 0, 0, 3] most_prob_value 0.9997748732566833

400 6.2075
400 curr_state is [['user0', 1], ['user1', 100], ['user2', 100], ['user3', 199]]
400 most_prob_action [-3, 0, 0, 3] most_prob_value 0.9997753500938416

